<?xml version="1.0" encoding="utf-8"?>
<!DOCTYPE coverage SYSTEM "http://cobertura.sourceforge.net/xml/coverage-04.dtd">
<coverage line-rate="0.41643835616438357" branch-rate="0.2301255230125523" lines-covered="1064" lines-valid="2555" branches-covered="220" branches-valid="956" complexity="1081" version="0" timestamp="1780067569">
  <sources>
    <source>D:\Repos\Code\NQueen\</source>
  </sources>
  <packages>
    <package name="NQueen.Domain" line-rate="0.6067285382830626" branch-rate="0.2079207920792079" complexity="267">
      <classes>
        <class name="NQueen.Domain.Context.MenuState" filename="D:\Repos\Code\NQueen\NQueen.Domain\Context\MenuState.cs" line-rate="0" branch-rate="1" complexity="2">
          <methods>
            <method name="get_ExitRequested" signature="()" line-rate="0" branch-rate="1" complexity="1">
              <lines>
                <line number="5" hits="0" branch="false" />
              </lines>
            </method>
            <method name="get_BlankInputCount" signature="()" line-rate="0" branch-rate="1" complexity="1">
              <lines>
                <line number="7" hits="0" branch="false" />
              </lines>
            </method>
          </methods>
          <lines>
            <line number="5" hits="0" branch="false" />
            <line number="7" hits="0" branch="false" />
          </lines>
        </class>
        <class name="NQueen.Domain.Context.SimulationContext" filename="D:\Repos\Code\NQueen\NQueen.Domain\Context\SimulationContext.cs" line-rate="1" branch-rate="1" complexity="4">
          <methods>
            <method name="get_BoardSize" signature="()" line-rate="1" branch-rate="1" complexity="1">
              <lines>
                <line number="4" hits="12" branch="false" />
              </lines>
            </method>
            <method name="get_SolutionMode" signature="()" line-rate="1" branch-rate="1" complexity="1">
              <lines>
                <line number="5" hits="12" branch="false" />
              </lines>
            </method>
            <method name="get_DisplayMode" signature="()" line-rate="1" branch-rate="1" complexity="1">
              <lines>
                <line number="6" hits="47" branch="false" />
              </lines>
            </method>
            <method name=".ctor" signature="(System.Int32,NQueen.Domain.Enums.SolutionMode,NQueen.Domain.Enums.DisplayMode)" line-rate="1" branch-rate="1" complexity="1">
              <lines>
                <line number="3" hits="35" branch="false" />
              </lines>
            </method>
          </methods>
          <lines>
            <line number="3" hits="35" branch="false" />
            <line number="4" hits="12" branch="false" />
            <line number="5" hits="12" branch="false" />
            <line number="6" hits="47" branch="false" />
          </lines>
        </class>
        <class name="NQueen.Domain.EventArgs.ProgressUpdateEventArgs" filename="D:\Repos\Code\NQueen\NQueen.Domain\EventArgs\ProgressUpdateEventArgs.cs" line-rate="1" branch-rate="1" complexity="3">
          <methods>
            <method name="get_Value" signature="()" line-rate="1" branch-rate="1" complexity="1">
              <lines>
                <line number="6" hits="217" branch="false" />
              </lines>
            </method>
            <method name="get_SimulationToken" signature="()" line-rate="1" branch-rate="1" complexity="1">
              <lines>
                <line number="8" hits="360" branch="false" />
              </lines>
            </method>
            <method name=".ctor" signature="(System.Double,System.Guid)" line-rate="1" branch-rate="1" complexity="1">
              <lines>
                <line number="3" hits="180" branch="false" />
                <line number="4" hits="180" branch="false" />
              </lines>
            </method>
          </methods>
          <lines>
            <line number="3" hits="180" branch="false" />
            <line number="4" hits="180" branch="false" />
            <line number="6" hits="217" branch="false" />
            <line number="8" hits="360" branch="false" />
          </lines>
        </class>
        <class name="NQueen.Domain.EventArgs.QueenPlacedEventArgs" filename="D:\Repos\Code\NQueen\NQueen.Domain\EventArgs\QueenPlacedEventArgs.cs" line-rate="0.3888888888888889" branch-rate="1" complexity="6">
          <methods>
            <method name="get_Solution" signature="()" line-rate="1" branch-rate="1" complexity="1">
              <lines>
                <line number="5" hits="5028" branch="false" />
              </lines>
            </method>
            <method name="get_BoardSize" signature="()" line-rate="1" branch-rate="1" complexity="1">
              <lines>
                <line number="6" hits="9620" branch="false" />
              </lines>
            </method>
            <method name="get_PackedCanonical" signature="()" line-rate="0" branch-rate="1" complexity="1">
              <lines>
                <line number="7" hits="0" branch="false" />
              </lines>
            </method>
            <method name=".ctor" signature="(System.Memory`1&lt;System.Int32&gt;,System.Int32,System.UInt128)" line-rate="0" branch-rate="1" complexity="1">
              <lines>
                <line number="10" hits="0" branch="false" />
                <line number="11" hits="0" branch="false" />
                <line number="12" hits="0" branch="false" />
                <line number="13" hits="0" branch="false" />
                <line number="14" hits="0" branch="false" />
              </lines>
            </method>
            <method name=".ctor" signature="(System.Memory`1&lt;System.Int32&gt;,System.Int32)" line-rate="1" branch-rate="1" complexity="1">
              <lines>
                <line number="17" hits="5028" branch="false" />
                <line number="18" hits="5028" branch="false" />
                <line number="19" hits="5028" branch="false" />
                <line number="20" hits="5028" branch="false" />
                <line number="21" hits="5028" branch="false" />
              </lines>
            </method>
            <method name=".ctor" signature="(System.UInt128,System.Int32)" line-rate="0" branch-rate="1" complexity="1">
              <lines>
                <line number="24" hits="0" branch="false" />
                <line number="25" hits="0" branch="false" />
                <line number="26" hits="0" branch="false" />
                <line number="27" hits="0" branch="false" />
                <line number="28" hits="0" branch="false" />
              </lines>
            </method>
          </methods>
          <lines>
            <line number="5" hits="5028" branch="false" />
            <line number="6" hits="9620" branch="false" />
            <line number="7" hits="0" branch="false" />
            <line number="10" hits="0" branch="false" />
            <line number="11" hits="0" branch="false" />
            <line number="12" hits="0" branch="false" />
            <line number="13" hits="0" branch="false" />
            <line number="14" hits="0" branch="false" />
            <line number="17" hits="5028" branch="false" />
            <line number="18" hits="5028" branch="false" />
            <line number="19" hits="5028" branch="false" />
            <line number="20" hits="5028" branch="false" />
            <line number="21" hits="5028" branch="false" />
            <line number="24" hits="0" branch="false" />
            <line number="25" hits="0" branch="false" />
            <line number="26" hits="0" branch="false" />
            <line number="27" hits="0" branch="false" />
            <line number="28" hits="0" branch="false" />
          </lines>
        </class>
        <class name="NQueen.Domain.EventArgs.SolutionFoundEventArgs" filename="D:\Repos\Code\NQueen\NQueen.Domain\EventArgs\SolutionFoundEventArgs.cs" line-rate="0.3333333333333333" branch-rate="1" complexity="6">
          <methods>
            <method name="get_Solution" signature="()" line-rate="1" branch-rate="1" complexity="1">
              <lines>
                <line number="5" hits="38" branch="false" />
              </lines>
            </method>
            <method name="get_BoardSize" signature="()" line-rate="0" branch-rate="1" complexity="1">
              <lines>
                <line number="6" hits="0" branch="false" />
              </lines>
            </method>
            <method name="get_PackedCanonical" signature="()" line-rate="0" branch-rate="1" complexity="1">
              <lines>
                <line number="7" hits="0" branch="false" />
              </lines>
            </method>
            <method name=".ctor" signature="(System.Memory`1&lt;System.Int32&gt;,System.Int32,System.UInt128)" line-rate="0" branch-rate="1" complexity="1">
              <lines>
                <line number="9" hits="0" branch="false" />
                <line number="10" hits="0" branch="false" />
                <line number="11" hits="0" branch="false" />
                <line number="12" hits="0" branch="false" />
                <line number="13" hits="0" branch="false" />
                <line number="14" hits="0" branch="false" />
              </lines>
            </method>
            <method name=".ctor" signature="(System.Memory`1&lt;System.Int32&gt;,System.Int32)" line-rate="1" branch-rate="1" complexity="1">
              <lines>
                <line number="16" hits="21" branch="false" />
                <line number="17" hits="21" branch="false" />
                <line number="18" hits="21" branch="false" />
                <line number="19" hits="21" branch="false" />
                <line number="20" hits="21" branch="false" />
                <line number="21" hits="21" branch="false" />
              </lines>
            </method>
            <method name=".ctor" signature="(System.UInt128,System.Int32)" line-rate="0" branch-rate="1" complexity="1">
              <lines>
                <line number="23" hits="0" branch="false" />
                <line number="24" hits="0" branch="false" />
                <line number="25" hits="0" branch="false" />
                <line number="26" hits="0" branch="false" />
                <line number="27" hits="0" branch="false" />
                <line number="28" hits="0" branch="false" />
              </lines>
            </method>
          </methods>
          <lines>
            <line number="5" hits="38" branch="false" />
            <line number="6" hits="0" branch="false" />
            <line number="7" hits="0" branch="false" />
            <line number="9" hits="0" branch="false" />
            <line number="10" hits="0" branch="false" />
            <line number="11" hits="0" branch="false" />
            <line number="12" hits="0" branch="false" />
            <line number="13" hits="0" branch="false" />
            <line number="14" hits="0" branch="false" />
            <line number="16" hits="21" branch="false" />
            <line number="17" hits="21" branch="false" />
            <line number="18" hits="21" branch="false" />
            <line number="19" hits="21" branch="false" />
            <line number="20" hits="21" branch="false" />
            <line number="21" hits="21" branch="false" />
            <line number="23" hits="0" branch="false" />
            <line number="24" hits="0" branch="false" />
            <line number="25" hits="0" branch="false" />
            <line number="26" hits="0" branch="false" />
            <line number="27" hits="0" branch="false" />
            <line number="28" hits="0" branch="false" />
          </lines>
        </class>
        <class name="NQueen.Domain.Models.LazyPositionList" filename="D:\Repos\Code\NQueen\NQueen.Domain\Models\LazyPositionList.cs" line-rate="0.8333333333333334" branch-rate="0.75" complexity="7">
          <methods>
            <method name="get_Item" signature="(System.Int32)" line-rate="1" branch-rate="1" complexity="1">
              <lines>
                <line number="8" hits="197" branch="false" />
              </lines>
            </method>
            <method name="get_Count" signature="()" line-rate="0" branch-rate="1" complexity="1">
              <lines>
                <line number="10" hits="0" branch="false" />
              </lines>
            </method>
            <method name="System.Collections.IEnumerable.GetEnumerator" signature="()" line-rate="0" branch-rate="1" complexity="1">
              <lines>
                <line number="20" hits="0" branch="false" />
              </lines>
            </method>
            <method name=".ctor" signature="(System.Int32[])" line-rate="1" branch-rate="0.5" complexity="2">
              <lines>
                <line number="3" hits="31" branch="false" />
                <line number="5" hits="31" branch="true" condition-coverage="50% (1/2)" />
                <line number="6" hits="31" branch="false" />
              </lines>
            </method>
            <method name="GetEnumerator" signature="()" line-rate="1" branch-rate="1" complexity="2">
              <lines>
                <line number="13" hits="34" branch="false" />
                <line number="14" hits="462" branch="true" condition-coverage="100% (2/2)" />
                <line number="15" hits="197" branch="false" />
                <line number="16" hits="197" branch="false" />
                <line number="17" hits="197" branch="false" />
                <line number="18" hits="34" branch="false" />
              </lines>
            </method>
          </methods>
          <lines>
            <line number="3" hits="31" branch="false" />
            <line number="5" hits="31" branch="true" condition-coverage="50% (1/2)" />
            <line number="6" hits="31" branch="false" />
            <line number="8" hits="197" branch="false" />
            <line number="10" hits="0" branch="false" />
            <line number="13" hits="34" branch="false" />
            <line number="14" hits="462" branch="true" condition-coverage="100% (2/2)" />
            <line number="15" hits="197" branch="false" />
            <line number="16" hits="197" branch="false" />
            <line number="17" hits="197" branch="false" />
            <line number="18" hits="34" branch="false" />
            <line number="20" hits="0" branch="false" />
          </lines>
        </class>
        <class name="NQueen.Domain.Models.Position" filename="D:\Repos\Code\NQueen\NQueen.Domain\Models\Position.cs" line-rate="1" branch-rate="1" complexity="2">
          <methods>
            <method name="get_ColumnIndex" signature="()" line-rate="1" branch-rate="1" complexity="1">
              <lines>
                <line number="5" hits="760926" branch="false" />
              </lines>
            </method>
            <method name="get_RowIndex" signature="()" line-rate="1" branch-rate="1" complexity="1">
              <lines>
                <line number="7" hits="136789" branch="false" />
              </lines>
            </method>
          </methods>
          <lines>
            <line number="5" hits="760926" branch="false" />
            <line number="7" hits="136789" branch="false" />
          </lines>
        </class>
        <class name="NQueen.Domain.Models.SimulationResults" filename="D:\Repos\Code\NQueen\NQueen.Domain\Models\SimulationResults.cs" line-rate="0.9523809523809523" branch-rate="0.5" complexity="9">
          <methods>
            <method name="get_Solutions" signature="()" line-rate="1" branch-rate="1" complexity="1">
              <lines>
                <line number="19" hits="26" branch="false" />
              </lines>
            </method>
            <method name="get_SolutionsCount" signature="()" line-rate="1" branch-rate="1" complexity="1">
              <lines>
                <line number="21" hits="64" branch="false" />
              </lines>
            </method>
            <method name="get_IsTotalInferred" signature="()" line-rate="1" branch-rate="1" complexity="1">
              <lines>
                <line number="23" hits="2" branch="false" />
              </lines>
            </method>
            <method name="get_ElapsedTimeInSec" signature="()" line-rate="1" branch-rate="1" complexity="1">
              <lines>
                <line number="25" hits="20" branch="false" />
              </lines>
            </method>
            <method name="get_IsTruncated" signature="()" line-rate="0" branch-rate="1" complexity="1">
              <lines>
                <line number="27" hits="0" branch="false" />
              </lines>
            </method>
            <method name=".ctor" signature="(System.Collections.Generic.IEnumerable`1&lt;NQueen.Domain.Models.Solution&gt;,System.UInt64,System.Double)" line-rate="1" branch-rate="1" complexity="1">
              <lines>
                <line number="8" hits="14" branch="false" />
                <line number="9" hits="28" branch="false" />
              </lines>
            </method>
            <method name=".ctor" signature="(System.Collections.Generic.IEnumerable`1&lt;NQueen.Domain.Models.Solution&gt;,System.Double)" line-rate="1" branch-rate="0.5" complexity="2">
              <lines>
                <line number="13" hits="147" branch="true" condition-coverage="50% (1/2)" />
                <line number="14" hits="147" branch="false" />
                <line number="15" hits="147" branch="false" />
                <line number="16" hits="147" branch="false" />
                <line number="17" hits="294" branch="false" />
              </lines>
            </method>
            <method name=".ctor" signature="(System.Collections.Generic.IEnumerable`1&lt;NQueen.Domain.Models.Solution&gt;,System.UInt64,System.Double,System.Boolean)" line-rate="1" branch-rate="1" complexity="1">
              <lines>
                <line number="29" hits="161" branch="false" />
                <line number="30" hits="161" branch="false" />
                <line number="31" hits="161" branch="false" />
                <line number="32" hits="161" branch="false" />
                <line number="33" hits="161" branch="false" />
                <line number="34" hits="161" branch="false" />
                <line number="35" hits="161" branch="false" />
                <line number="36" hits="161" branch="false" />
                <line number="37" hits="161" branch="false" />
              </lines>
            </method>
          </methods>
          <lines>
            <line number="8" hits="14" branch="false" />
            <line number="9" hits="28" branch="false" />
            <line number="13" hits="147" branch="true" condition-coverage="50% (1/2)" />
            <line number="14" hits="147" branch="false" />
            <line number="15" hits="147" branch="false" />
            <line number="16" hits="147" branch="false" />
            <line number="17" hits="294" branch="false" />
            <line number="19" hits="26" branch="false" />
            <line number="21" hits="64" branch="false" />
            <line number="23" hits="2" branch="false" />
            <line number="25" hits="20" branch="false" />
            <line number="27" hits="0" branch="false" />
            <line number="29" hits="161" branch="false" />
            <line number="30" hits="161" branch="false" />
            <line number="31" hits="161" branch="false" />
            <line number="32" hits="161" branch="false" />
            <line number="33" hits="161" branch="false" />
            <line number="34" hits="161" branch="false" />
            <line number="35" hits="161" branch="false" />
            <line number="36" hits="161" branch="false" />
            <line number="37" hits="161" branch="false" />
          </lines>
        </class>
        <class name="NQueen.Domain.Models.Solution" filename="D:\Repos\Code\NQueen\NQueen.Domain\Models\Solution.cs" line-rate="0.7846153846153846" branch-rate="0.5882352941176471" complexity="44">
          <methods>
            <method name="ResetSequence" signature="()" line-rate="1" branch-rate="1" complexity="1">
              <lines>
                <line number="6" hits="12" branch="false" />
              </lines>
            </method>
            <method name="get_Id" signature="()" line-rate="1" branch-rate="1" complexity="1">
              <lines>
                <line number="37" hits="52" branch="false" />
              </lines>
            </method>
            <method name="get_Name" signature="()" line-rate="0" branch-rate="1" complexity="1">
              <lines>
                <line number="38" hits="0" branch="false" />
              </lines>
            </method>
            <method name="get_BoardSize" signature="()" line-rate="1" branch-rate="1" complexity="1">
              <lines>
                <line number="39" hits="48" branch="false" />
              </lines>
            </method>
            <method name="get_QueenPositions" signature="()" line-rate="0.9" branch-rate="0.6666666666666666" complexity="6">
              <lines>
                <line number="44" hits="9" branch="false" />
                <line number="45" hits="9" branch="true" condition-coverage="50% (1/2)" />
                <line number="46" hits="9" branch="true" condition-coverage="50% (1/2)" />
                <line number="47" hits="9" branch="false" />
                <line number="48" hits="9" branch="false" />
                <line number="49" hits="9" branch="true" condition-coverage="100% (2/2)" />
                <line number="50" hits="9" branch="false" />
                <line number="51" hits="9" branch="false" />
                <line number="53" hits="0" branch="false" />
                <line number="54" hits="9" branch="false" />
              </lines>
            </method>
            <method name="get_Positions" signature="()" line-rate="1" branch-rate="1" complexity="1">
              <lines>
                <line number="57" hits="114" branch="false" />
              </lines>
            </method>
            <method name="get_Details" signature="()" line-rate="0" branch-rate="0" complexity="2">
              <lines>
                <line number="59" hits="0" branch="true" condition-coverage="0% (0/2)" />
              </lines>
            </method>
            <method name="ToString" signature="()" line-rate="0" branch-rate="1" complexity="1">
              <lines>
                <line number="61" hits="0" branch="false" />
              </lines>
            </method>
            <method name="MapQueenArrayToPositions" signature="(System.Int32[])" line-rate="1" branch-rate="1" complexity="1">
              <lines>
                <line number="63" hits="31" branch="false" />
              </lines>
            </method>
            <method name="Unpack" signature="(System.UInt128,System.Int32)" line-rate="1" branch-rate="1" complexity="2">
              <lines>
                <line number="66" hits="9" branch="false" />
                <line number="67" hits="9" branch="false" />
                <line number="68" hits="124" branch="true" condition-coverage="100% (2/2)" />
                <line number="69" hits="53" branch="false" />
                <line number="70" hits="53" branch="false" />
                <line number="71" hits="53" branch="false" />
                <line number="72" hits="53" branch="false" />
                <line number="73" hits="9" branch="false" />
                <line number="74" hits="9" branch="false" />
              </lines>
            </method>
            <method name=".ctor" signature="(System.Int32[],NQueen.Domain.Interfaces.ISolutionFormatter,System.Nullable`1&lt;System.Int32&gt;)" line-rate="0.8571428571428571" branch-rate="0.7" complexity="10">
              <lines>
                <line number="9" hits="31" branch="false" />
                <line number="10" hits="31" branch="false" />
                <line number="11" hits="31" branch="true" condition-coverage="50% (2/4)" />
                <line number="12" hits="0" branch="false" />
                <line number="13" hits="461" branch="true" condition-coverage="100% (2/2)" />
                <line number="14" hits="184" branch="true" condition-coverage="50% (1/2)" />
                <line number="15" hits="0" branch="false" />
                <line number="16" hits="31" branch="true" condition-coverage="100% (2/2)" />
                <line number="17" hits="31" branch="false" />
                <line number="18" hits="31" branch="false" />
                <line number="19" hits="31" branch="false" />
                <line number="20" hits="31" branch="false" />
                <line number="21" hits="31" branch="false" />
                <line number="22" hits="31" branch="false" />
              </lines>
            </method>
            <method name=".ctor" signature="(System.UInt128,System.Int32,NQueen.Domain.Interfaces.ISolutionFormatter,System.Nullable`1&lt;System.Int32&gt;)" line-rate="0.9090909090909091" branch-rate="0.5" complexity="6">
              <lines>
                <line number="25" hits="21" branch="false" />
                <line number="26" hits="21" branch="false" />
                <line number="27" hits="21" branch="true" condition-coverage="50% (2/4)" />
                <line number="28" hits="0" branch="false" />
                <line number="29" hits="21" branch="true" condition-coverage="50% (1/2)" />
                <line number="30" hits="21" branch="false" />
                <line number="31" hits="21" branch="false" />
                <line number="32" hits="21" branch="false" />
                <line number="33" hits="21" branch="false" />
                <line number="34" hits="21" branch="false" />
                <line number="35" hits="21" branch="false" />
              </lines>
            </method>
            <method name="Realize" signature="(System.Int32[])" line-rate="1" branch-rate="1" complexity="1">
              <lines>
                <line number="86" hits="9" branch="false" />
              </lines>
            </method>
            <method name="get_Item" signature="(System.Int32)" line-rate="0" branch-rate="0" complexity="2">
              <lines>
                <line number="90" hits="0" branch="false" />
                <line number="91" hits="0" branch="false" />
                <line number="92" hits="0" branch="true" condition-coverage="0% (0/2)" />
                <line number="93" hits="0" branch="false" />
                <line number="94" hits="0" branch="false" />
              </lines>
            </method>
            <method name="get_Count" signature="()" line-rate="0" branch-rate="0" complexity="2">
              <lines>
                <line number="96" hits="0" branch="true" condition-coverage="0% (0/2)" />
              </lines>
            </method>
            <method name="System.Collections.IEnumerable.GetEnumerator" signature="()" line-rate="0" branch-rate="1" complexity="1">
              <lines>
                <line number="102" hits="0" branch="false" />
              </lines>
            </method>
            <method name=".ctor" signature="(NQueen.Domain.Models.Solution)" line-rate="1" branch-rate="1" complexity="1">
              <lines>
                <line number="85" hits="42" branch="false" />
              </lines>
            </method>
            <method name="GetEnumerator" signature="()" line-rate="1" branch-rate="1" complexity="4">
              <lines>
                <line number="98" hits="19" branch="false" />
                <line number="99" hits="19" branch="true" condition-coverage="100% (2/2)" />
                <line number="100" hits="413" branch="true" condition-coverage="100% (2/2)" />
                <line number="101" hits="19" branch="false" />
              </lines>
            </method>
          </methods>
          <lines>
            <line number="6" hits="12" branch="false" />
            <line number="9" hits="31" branch="false" />
            <line number="10" hits="31" branch="false" />
            <line number="11" hits="31" branch="true" condition-coverage="50% (2/4)" />
            <line number="12" hits="0" branch="false" />
            <line number="13" hits="461" branch="true" condition-coverage="100% (2/2)" />
            <line number="14" hits="184" branch="true" condition-coverage="50% (1/2)" />
            <line number="15" hits="0" branch="false" />
            <line number="16" hits="31" branch="true" condition-coverage="100% (2/2)" />
            <line number="17" hits="31" branch="false" />
            <line number="18" hits="31" branch="false" />
            <line number="19" hits="31" branch="false" />
            <line number="20" hits="31" branch="false" />
            <line number="21" hits="31" branch="false" />
            <line number="22" hits="31" branch="false" />
            <line number="25" hits="21" branch="false" />
            <line number="26" hits="21" branch="false" />
            <line number="27" hits="21" branch="true" condition-coverage="50% (2/4)" />
            <line number="28" hits="0" branch="false" />
            <line number="29" hits="21" branch="true" condition-coverage="50% (1/2)" />
            <line number="30" hits="21" branch="false" />
            <line number="31" hits="21" branch="false" />
            <line number="32" hits="21" branch="false" />
            <line number="33" hits="21" branch="false" />
            <line number="34" hits="21" branch="false" />
            <line number="35" hits="21" branch="false" />
            <line number="37" hits="52" branch="false" />
            <line number="38" hits="0" branch="false" />
            <line number="39" hits="48" branch="false" />
            <line number="44" hits="9" branch="false" />
            <line number="45" hits="9" branch="true" condition-coverage="50% (1/2)" />
            <line number="46" hits="9" branch="true" condition-coverage="50% (1/2)" />
            <line number="47" hits="9" branch="false" />
            <line number="48" hits="9" branch="false" />
            <line number="49" hits="9" branch="true" condition-coverage="100% (2/2)" />
            <line number="50" hits="9" branch="false" />
            <line number="51" hits="9" branch="false" />
            <line number="53" hits="0" branch="false" />
            <line number="54" hits="9" branch="false" />
            <line number="57" hits="114" branch="false" />
            <line number="59" hits="0" branch="true" condition-coverage="0% (0/2)" />
            <line number="61" hits="0" branch="false" />
            <line number="63" hits="31" branch="false" />
            <line number="66" hits="9" branch="false" />
            <line number="67" hits="9" branch="false" />
            <line number="68" hits="124" branch="true" condition-coverage="100% (2/2)" />
            <line number="69" hits="53" branch="false" />
            <line number="70" hits="53" branch="false" />
            <line number="71" hits="53" branch="false" />
            <line number="72" hits="53" branch="false" />
            <line number="73" hits="9" branch="false" />
            <line number="74" hits="9" branch="false" />
            <line number="85" hits="42" branch="false" />
            <line number="86" hits="9" branch="false" />
            <line number="90" hits="0" branch="false" />
            <line number="91" hits="0" branch="false" />
            <line number="92" hits="0" branch="true" condition-coverage="0% (0/2)" />
            <line number="93" hits="0" branch="false" />
            <line number="94" hits="0" branch="false" />
            <line number="96" hits="0" branch="true" condition-coverage="0% (0/2)" />
            <line number="98" hits="19" branch="false" />
            <line number="99" hits="19" branch="true" condition-coverage="100% (2/2)" />
            <line number="100" hits="413" branch="true" condition-coverage="100% (2/2)" />
            <line number="101" hits="19" branch="false" />
            <line number="102" hits="0" branch="false" />
          </lines>
        </class>
        <class name="NQueen.Domain.Models.SolutionFormatter" filename="D:\Repos\Code\NQueen\NQueen.Domain\Models\SolutionFormatter.cs" line-rate="0" branch-rate="0" complexity="16">
          <methods>
            <method name="FormatSolutions" signature="(System.Collections.Generic.IReadOnlyList`1&lt;NQueen.Domain.Models.Position&gt;,NQueen.Domain.Enums.IndexingType,System.Int32)" line-rate="0" branch-rate="0" complexity="6">
              <lines>
                <line number="9" hits="0" branch="false" />
                <line number="10" hits="0" branch="false" />
                <line number="11" hits="0" branch="false" />
                <line number="13" hits="0" branch="false" />
                <line number="15" hits="0" branch="false" />
                <line number="16" hits="0" branch="true" condition-coverage="0% (0/2)" />
                <line number="17" hits="0" branch="false" />
                <line number="18" hits="0" branch="true" condition-coverage="0% (0/2)" />
                <line number="19" hits="0" branch="false" />
                <line number="20" hits="0" branch="true" condition-coverage="0% (0/2)" />
                <line number="21" hits="0" branch="false" />
                <line number="22" hits="0" branch="false" />
                <line number="24" hits="0" branch="false" />
                <line number="25" hits="0" branch="false" />
              </lines>
            </method>
            <method name="UpdateSolutionLabel" signature="(NQueen.Domain.Enums.SolutionMode)" line-rate="0" branch-rate="0" complexity="2">
              <lines>
                <line number="28" hits="0" branch="true" condition-coverage="0% (0/2)" />
                <line number="29" hits="0" branch="false" />
                <line number="30" hits="0" branch="false" />
              </lines>
            </method>
            <method name="SplitIntoLines" signature="(System.Collections.Generic.IEnumerable`1&lt;NQueen.Domain.Models.Position&gt;,System.Int32)" line-rate="0" branch-rate="0" complexity="6">
              <lines>
                <line number="34" hits="0" branch="false" />
                <line number="35" hits="0" branch="false" />
                <line number="36" hits="0" branch="false" />
                <line number="38" hits="0" branch="true" condition-coverage="0% (0/2)" />
                <line number="39" hits="0" branch="false" />
                <line number="40" hits="0" branch="false" />
                <line number="41" hits="0" branch="true" condition-coverage="0% (0/2)" />
                <line number="42" hits="0" branch="false" />
                <line number="43" hits="0" branch="false" />
                <line number="44" hits="0" branch="false" />
                <line number="45" hits="0" branch="false" />
                <line number="46" hits="0" branch="false" />
                <line number="48" hits="0" branch="true" condition-coverage="0% (0/2)" />
                <line number="49" hits="0" branch="false" />
                <line number="51" hits="0" branch="false" />
                <line number="52" hits="0" branch="false" />
              </lines>
            </method>
            <method name="FormatPosition" signature="(NQueen.Domain.Models.Position,NQueen.Domain.Enums.IndexingType)" line-rate="0" branch-rate="0" complexity="2">
              <lines>
                <line number="55" hits="0" branch="false" />
                <line number="56" hits="0" branch="true" condition-coverage="0% (0/2)" />
                <line number="57" hits="0" branch="false" />
                <line number="58" hits="0" branch="false" />
                <line number="59" hits="0" branch="false" />
              </lines>
            </method>
          </methods>
          <lines>
            <line number="9" hits="0" branch="false" />
            <line number="10" hits="0" branch="false" />
            <line number="11" hits="0" branch="false" />
            <line number="13" hits="0" branch="false" />
            <line number="15" hits="0" branch="false" />
            <line number="16" hits="0" branch="true" condition-coverage="0% (0/2)" />
            <line number="17" hits="0" branch="false" />
            <line number="18" hits="0" branch="true" condition-coverage="0% (0/2)" />
            <line number="19" hits="0" branch="false" />
            <line number="20" hits="0" branch="true" condition-coverage="0% (0/2)" />
            <line number="21" hits="0" branch="false" />
            <line number="22" hits="0" branch="false" />
            <line number="24" hits="0" branch="false" />
            <line number="25" hits="0" branch="false" />
            <line number="28" hits="0" branch="true" condition-coverage="0% (0/2)" />
            <line number="29" hits="0" branch="false" />
            <line number="30" hits="0" branch="false" />
            <line number="34" hits="0" branch="false" />
            <line number="35" hits="0" branch="false" />
            <line number="36" hits="0" branch="false" />
            <line number="38" hits="0" branch="true" condition-coverage="0% (0/2)" />
            <line number="39" hits="0" branch="false" />
            <line number="40" hits="0" branch="false" />
            <line number="41" hits="0" branch="true" condition-coverage="0% (0/2)" />
            <line number="42" hits="0" branch="false" />
            <line number="43" hits="0" branch="false" />
            <line number="44" hits="0" branch="false" />
            <line number="45" hits="0" branch="false" />
            <line number="46" hits="0" branch="false" />
            <line number="48" hits="0" branch="true" condition-coverage="0% (0/2)" />
            <line number="49" hits="0" branch="false" />
            <line number="51" hits="0" branch="false" />
            <line number="52" hits="0" branch="false" />
            <line number="55" hits="0" branch="false" />
            <line number="56" hits="0" branch="true" condition-coverage="0% (0/2)" />
            <line number="57" hits="0" branch="false" />
            <line number="58" hits="0" branch="false" />
            <line number="59" hits="0" branch="false" />
          </lines>
        </class>
        <class name="NQueen.Domain.Settings.SimulationSettings" filename="D:\Repos\Code\NQueen\NQueen.Domain\Settings\SimulationSettings.cs" line-rate="0" branch-rate="1" complexity="1">
          <methods>
            <method name="get_ProgressThresholdPct" signature="()" line-rate="0" branch-rate="1" complexity="1">
              <lines>
                <line number="38" hits="0" branch="false" />
              </lines>
            </method>
          </methods>
          <lines>
            <line number="38" hits="0" branch="false" />
          </lines>
        </class>
        <class name="NQueen.Domain.Utils.ErrorMessages" filename="D:\Repos\Code\NQueen\NQueen.Domain\Utils\ErrorMessages.cs" line-rate="0.6666666666666666" branch-rate="1" complexity="6">
          <methods>
            <method name="get_SizeTooSmallMsg" signature="()" line-rate="1" branch-rate="1" complexity="1">
              <lines>
                <line number="15" hits="290" branch="false" />
              </lines>
            </method>
            <method name="get_SizeTooLargeForSingle" signature="()" line-rate="1" branch-rate="1" complexity="1">
              <lines>
                <line number="18" hits="49" branch="false" />
              </lines>
            </method>
            <method name="get_SizeTooLargeForUnique" signature="()" line-rate="1" branch-rate="1" complexity="1">
              <lines>
                <line number="21" hits="221" branch="false" />
              </lines>
            </method>
            <method name="get_SizeTooLargeForAll" signature="()" line-rate="1" branch-rate="1" complexity="1">
              <lines>
                <line number="24" hits="23" branch="false" />
              </lines>
            </method>
            <method name="get_VisualizeSizeTooLarge" signature="()" line-rate="0" branch-rate="1" complexity="1">
              <lines>
                <line number="28" hits="0" branch="false" />
              </lines>
            </method>
            <method name="GetTimeoutMessage" signature="(System.TimeSpan)" line-rate="0" branch-rate="1" complexity="1">
              <lines>
                <line number="31" hits="0" branch="false" />
              </lines>
            </method>
          </methods>
          <lines>
            <line number="15" hits="290" branch="false" />
            <line number="18" hits="49" branch="false" />
            <line number="21" hits="221" branch="false" />
            <line number="24" hits="23" branch="false" />
            <line number="28" hits="0" branch="false" />
            <line number="31" hits="0" branch="false" />
          </lines>
        </class>
        <class name="NQueen.Domain.Utils.ExpectedSolutionCounts" filename="D:\Repos\Code\NQueen\NQueen.Domain\Utils\ExpectedSolutionCounts.cs" line-rate="0" branch-rate="0" complexity="19">
          <methods>
            <method name="get_AllSolutions" signature="()" line-rate="0" branch-rate="1" complexity="1">
              <lines>
                <line number="33" hits="0" branch="false" />
              </lines>
            </method>
            <method name="get_UniqueSolutions" signature="()" line-rate="0" branch-rate="1" complexity="1">
              <lines>
                <line number="35" hits="0" branch="false" />
              </lines>
            </method>
            <method name="get_AllSolutionsSpan" signature="()" line-rate="0" branch-rate="1" complexity="1">
              <lines>
                <line number="38" hits="0" branch="false" />
              </lines>
            </method>
            <method name="get_UniqueSolutionsSpan" signature="()" line-rate="0" branch-rate="1" complexity="1">
              <lines>
                <line number="40" hits="0" branch="false" />
              </lines>
            </method>
            <method name="GetAllFast" signature="(System.Int32)" line-rate="0" branch-rate="0" complexity="4">
              <lines>
                <line number="44" hits="0" branch="true" condition-coverage="0% (0/4)" />
                <line number="45" hits="0" branch="false" />
                <line number="46" hits="0" branch="false" />
              </lines>
            </method>
            <method name="GetUniqueFast" signature="(System.Int32)" line-rate="0" branch-rate="0" complexity="4">
              <lines>
                <line number="50" hits="0" branch="true" condition-coverage="0% (0/4)" />
                <line number="51" hits="0" branch="false" />
                <line number="52" hits="0" branch="false" />
              </lines>
            </method>
            <method name="TryGetAll" signature="(System.Int32,System.UInt64&amp;)" line-rate="0" branch-rate="1" complexity="1">
              <lines>
                <line number="55" hits="0" branch="false" />
              </lines>
            </method>
            <method name="TryGetUnique" signature="(System.Int32,System.UInt64&amp;)" line-rate="0" branch-rate="1" complexity="1">
              <lines>
                <line number="58" hits="0" branch="false" />
              </lines>
            </method>
            <method name="GetAll" signature="(System.Int32)" line-rate="0" branch-rate="0" complexity="2">
              <lines>
                <line number="61" hits="0" branch="true" condition-coverage="0% (0/2)" />
                <line number="62" hits="0" branch="false" />
              </lines>
            </method>
            <method name="GetUnique" signature="(System.Int32)" line-rate="0" branch-rate="0" complexity="2">
              <lines>
                <line number="65" hits="0" branch="true" condition-coverage="0% (0/2)" />
                <line number="66" hits="0" branch="false" />
              </lines>
            </method>
            <method name=".cctor" signature="()" line-rate="0" branch-rate="1" complexity="1">
              <lines>
                <line number="68" hits="0" branch="false" />
                <line number="69" hits="0" branch="false" />
                <line number="70" hits="0" branch="false" />
                <line number="71" hits="0" branch="false" />
                <line number="72" hits="0" branch="false" />
                <line number="73" hits="0" branch="false" />
                <line number="74" hits="0" branch="false" />
                <line number="75" hits="0" branch="false" />
                <line number="76" hits="0" branch="false" />
                <line number="78" hits="0" branch="false" />
                <line number="79" hits="0" branch="false" />
                <line number="80" hits="0" branch="false" />
                <line number="81" hits="0" branch="false" />
                <line number="82" hits="0" branch="false" />
                <line number="83" hits="0" branch="false" />
                <line number="84" hits="0" branch="false" />
                <line number="85" hits="0" branch="false" />
                <line number="86" hits="0" branch="false" />
                <line number="87" hits="0" branch="false" />
                <line number="90" hits="0" branch="false" />
                <line number="91" hits="0" branch="false" />
                <line number="92" hits="0" branch="false" />
                <line number="93" hits="0" branch="false" />
                <line number="94" hits="0" branch="false" />
                <line number="95" hits="0" branch="false" />
                <line number="96" hits="0" branch="false" />
                <line number="97" hits="0" branch="false" />
                <line number="98" hits="0" branch="false" />
                <line number="99" hits="0" branch="false" />
                <line number="101" hits="0" branch="false" />
                <line number="102" hits="0" branch="false" />
                <line number="103" hits="0" branch="false" />
                <line number="104" hits="0" branch="false" />
                <line number="105" hits="0" branch="false" />
                <line number="106" hits="0" branch="false" />
                <line number="107" hits="0" branch="false" />
                <line number="108" hits="0" branch="false" />
                <line number="109" hits="0" branch="false" />
                <line number="110" hits="0" branch="false" />
                <line number="111" hits="0" branch="false" />
              </lines>
            </method>
          </methods>
          <lines>
            <line number="33" hits="0" branch="false" />
            <line number="35" hits="0" branch="false" />
            <line number="38" hits="0" branch="false" />
            <line number="40" hits="0" branch="false" />
            <line number="44" hits="0" branch="true" condition-coverage="0% (0/4)" />
            <line number="45" hits="0" branch="false" />
            <line number="46" hits="0" branch="false" />
            <line number="50" hits="0" branch="true" condition-coverage="0% (0/4)" />
            <line number="51" hits="0" branch="false" />
            <line number="52" hits="0" branch="false" />
            <line number="55" hits="0" branch="false" />
            <line number="58" hits="0" branch="false" />
            <line number="61" hits="0" branch="true" condition-coverage="0% (0/2)" />
            <line number="62" hits="0" branch="false" />
            <line number="65" hits="0" branch="true" condition-coverage="0% (0/2)" />
            <line number="66" hits="0" branch="false" />
            <line number="68" hits="0" branch="false" />
            <line number="69" hits="0" branch="false" />
            <line number="70" hits="0" branch="false" />
            <line number="71" hits="0" branch="false" />
            <line number="72" hits="0" branch="false" />
            <line number="73" hits="0" branch="false" />
            <line number="74" hits="0" branch="false" />
            <line number="75" hits="0" branch="false" />
            <line number="76" hits="0" branch="false" />
            <line number="78" hits="0" branch="false" />
            <line number="79" hits="0" branch="false" />
            <line number="80" hits="0" branch="false" />
            <line number="81" hits="0" branch="false" />
            <line number="82" hits="0" branch="false" />
            <line number="83" hits="0" branch="false" />
            <line number="84" hits="0" branch="false" />
            <line number="85" hits="0" branch="false" />
            <line number="86" hits="0" branch="false" />
            <line number="87" hits="0" branch="false" />
            <line number="90" hits="0" branch="false" />
            <line number="91" hits="0" branch="false" />
            <line number="92" hits="0" branch="false" />
            <line number="93" hits="0" branch="false" />
            <line number="94" hits="0" branch="false" />
            <line number="95" hits="0" branch="false" />
            <line number="96" hits="0" branch="false" />
            <line number="97" hits="0" branch="false" />
            <line number="98" hits="0" branch="false" />
            <line number="99" hits="0" branch="false" />
            <line number="101" hits="0" branch="false" />
            <line number="102" hits="0" branch="false" />
            <line number="103" hits="0" branch="false" />
            <line number="104" hits="0" branch="false" />
            <line number="105" hits="0" branch="false" />
            <line number="106" hits="0" branch="false" />
            <line number="107" hits="0" branch="false" />
            <line number="108" hits="0" branch="false" />
            <line number="109" hits="0" branch="false" />
            <line number="110" hits="0" branch="false" />
            <line number="111" hits="0" branch="false" />
          </lines>
        </class>
        <class name="NQueen.Domain.Utils.ExpectedSolutionData" filename="D:\Repos\Code\NQueen\NQueen.Domain\Utils\ExpectedSolutionData.cs" line-rate="1" branch-rate="1" complexity="1">
          <methods>
            <method name=".cctor" signature="()" line-rate="1" branch-rate="1" complexity="1">
              <lines>
                <line number="21" hits="1" branch="false" />
                <line number="22" hits="1" branch="false" />
                <line number="23" hits="1" branch="false" />
                <line number="24" hits="1" branch="false" />
                <line number="25" hits="1" branch="false" />
                <line number="26" hits="1" branch="false" />
                <line number="27" hits="1" branch="false" />
                <line number="28" hits="1" branch="false" />
                <line number="29" hits="1" branch="false" />
                <line number="30" hits="1" branch="false" />
                <line number="31" hits="1" branch="false" />
                <line number="32" hits="1" branch="false" />
                <line number="33" hits="1" branch="false" />
                <line number="34" hits="1" branch="false" />
                <line number="35" hits="1" branch="false" />
                <line number="36" hits="1" branch="false" />
                <line number="37" hits="1" branch="false" />
                <line number="38" hits="1" branch="false" />
                <line number="39" hits="1" branch="false" />
                <line number="40" hits="1" branch="false" />
                <line number="41" hits="1" branch="false" />
                <line number="42" hits="1" branch="false" />
                <line number="43" hits="1" branch="false" />
                <line number="44" hits="1" branch="false" />
                <line number="45" hits="1" branch="false" />
                <line number="46" hits="1" branch="false" />
                <line number="47" hits="1" branch="false" />
                <line number="48" hits="1" branch="false" />
                <line number="49" hits="1" branch="false" />
                <line number="50" hits="1" branch="false" />
                <line number="51" hits="1" branch="false" />
                <line number="52" hits="1" branch="false" />
                <line number="53" hits="1" branch="false" />
                <line number="54" hits="1" branch="false" />
                <line number="55" hits="1" branch="false" />
                <line number="56" hits="1" branch="false" />
                <line number="57" hits="1" branch="false" />
                <line number="58" hits="1" branch="false" />
                <line number="59" hits="1" branch="false" />
                <line number="60" hits="1" branch="false" />
                <line number="61" hits="1" branch="false" />
                <line number="62" hits="1" branch="false" />
                <line number="63" hits="1" branch="false" />
                <line number="64" hits="1" branch="false" />
                <line number="65" hits="1" branch="false" />
                <line number="66" hits="1" branch="false" />
                <line number="67" hits="1" branch="false" />
                <line number="68" hits="1" branch="false" />
                <line number="69" hits="1" branch="false" />
                <line number="70" hits="1" branch="false" />
                <line number="71" hits="1" branch="false" />
                <line number="72" hits="1" branch="false" />
                <line number="73" hits="1" branch="false" />
                <line number="74" hits="1" branch="false" />
                <line number="75" hits="1" branch="false" />
                <line number="76" hits="1" branch="false" />
                <line number="77" hits="1" branch="false" />
                <line number="78" hits="1" branch="false" />
                <line number="79" hits="1" branch="false" />
                <line number="80" hits="1" branch="false" />
                <line number="81" hits="1" branch="false" />
                <line number="82" hits="1" branch="false" />
                <line number="83" hits="1" branch="false" />
                <line number="84" hits="1" branch="false" />
                <line number="85" hits="1" branch="false" />
                <line number="86" hits="1" branch="false" />
                <line number="87" hits="1" branch="false" />
                <line number="88" hits="1" branch="false" />
                <line number="89" hits="1" branch="false" />
                <line number="90" hits="1" branch="false" />
                <line number="91" hits="1" branch="false" />
                <line number="92" hits="1" branch="false" />
                <line number="93" hits="1" branch="false" />
                <line number="94" hits="1" branch="false" />
                <line number="95" hits="1" branch="false" />
                <line number="96" hits="1" branch="false" />
                <line number="97" hits="1" branch="false" />
                <line number="98" hits="1" branch="false" />
                <line number="99" hits="1" branch="false" />
                <line number="100" hits="1" branch="false" />
                <line number="101" hits="1" branch="false" />
                <line number="102" hits="1" branch="false" />
                <line number="103" hits="1" branch="false" />
                <line number="105" hits="1" branch="false" />
                <line number="106" hits="1" branch="false" />
                <line number="107" hits="1" branch="false" />
                <line number="108" hits="1" branch="false" />
                <line number="109" hits="1" branch="false" />
                <line number="110" hits="1" branch="false" />
                <line number="111" hits="1" branch="false" />
                <line number="112" hits="1" branch="false" />
                <line number="113" hits="1" branch="false" />
                <line number="114" hits="1" branch="false" />
                <line number="115" hits="1" branch="false" />
                <line number="116" hits="1" branch="false" />
                <line number="117" hits="1" branch="false" />
                <line number="118" hits="1" branch="false" />
                <line number="119" hits="1" branch="false" />
                <line number="120" hits="1" branch="false" />
                <line number="121" hits="1" branch="false" />
                <line number="122" hits="1" branch="false" />
                <line number="123" hits="1" branch="false" />
                <line number="124" hits="1" branch="false" />
                <line number="125" hits="1" branch="false" />
                <line number="126" hits="1" branch="false" />
                <line number="127" hits="1" branch="false" />
                <line number="128" hits="1" branch="false" />
                <line number="129" hits="1" branch="false" />
                <line number="130" hits="1" branch="false" />
                <line number="131" hits="1" branch="false" />
                <line number="132" hits="1" branch="false" />
                <line number="133" hits="1" branch="false" />
                <line number="134" hits="1" branch="false" />
                <line number="135" hits="1" branch="false" />
                <line number="136" hits="1" branch="false" />
                <line number="137" hits="1" branch="false" />
                <line number="138" hits="1" branch="false" />
                <line number="139" hits="1" branch="false" />
                <line number="140" hits="1" branch="false" />
                <line number="141" hits="1" branch="false" />
                <line number="142" hits="1" branch="false" />
                <line number="143" hits="1" branch="false" />
                <line number="144" hits="1" branch="false" />
                <line number="145" hits="1" branch="false" />
                <line number="146" hits="1" branch="false" />
                <line number="147" hits="1" branch="false" />
                <line number="148" hits="1" branch="false" />
                <line number="149" hits="1" branch="false" />
                <line number="150" hits="1" branch="false" />
                <line number="151" hits="1" branch="false" />
                <line number="152" hits="1" branch="false" />
                <line number="153" hits="1" branch="false" />
                <line number="154" hits="1" branch="false" />
                <line number="155" hits="1" branch="false" />
                <line number="156" hits="1" branch="false" />
                <line number="157" hits="1" branch="false" />
                <line number="158" hits="1" branch="false" />
                <line number="159" hits="1" branch="false" />
                <line number="160" hits="1" branch="false" />
                <line number="161" hits="1" branch="false" />
                <line number="162" hits="1" branch="false" />
                <line number="163" hits="1" branch="false" />
                <line number="164" hits="1" branch="false" />
                <line number="165" hits="1" branch="false" />
                <line number="166" hits="1" branch="false" />
                <line number="167" hits="1" branch="false" />
                <line number="168" hits="1" branch="false" />
                <line number="169" hits="1" branch="false" />
                <line number="170" hits="1" branch="false" />
                <line number="171" hits="1" branch="false" />
                <line number="172" hits="1" branch="false" />
                <line number="173" hits="1" branch="false" />
                <line number="174" hits="1" branch="false" />
                <line number="175" hits="1" branch="false" />
                <line number="176" hits="1" branch="false" />
                <line number="177" hits="1" branch="false" />
                <line number="178" hits="1" branch="false" />
                <line number="179" hits="1" branch="false" />
                <line number="180" hits="1" branch="false" />
                <line number="181" hits="1" branch="false" />
                <line number="182" hits="1" branch="false" />
                <line number="183" hits="1" branch="false" />
                <line number="184" hits="1" branch="false" />
                <line number="185" hits="1" branch="false" />
                <line number="186" hits="1" branch="false" />
                <line number="187" hits="1" branch="false" />
                <line number="188" hits="1" branch="false" />
                <line number="189" hits="1" branch="false" />
                <line number="190" hits="1" branch="false" />
                <line number="191" hits="1" branch="false" />
                <line number="192" hits="1" branch="false" />
                <line number="193" hits="1" branch="false" />
                <line number="194" hits="1" branch="false" />
                <line number="195" hits="1" branch="false" />
                <line number="196" hits="1" branch="false" />
                <line number="197" hits="1" branch="false" />
                <line number="198" hits="1" branch="false" />
                <line number="199" hits="1" branch="false" />
                <line number="200" hits="1" branch="false" />
                <line number="201" hits="1" branch="false" />
                <line number="202" hits="1" branch="false" />
                <line number="203" hits="1" branch="false" />
                <line number="205" hits="1" branch="false" />
                <line number="206" hits="1" branch="false" />
                <line number="207" hits="1" branch="false" />
                <line number="208" hits="1" branch="false" />
                <line number="209" hits="1" branch="false" />
                <line number="210" hits="1" branch="false" />
                <line number="211" hits="1" branch="false" />
                <line number="212" hits="1" branch="false" />
                <line number="213" hits="1" branch="false" />
                <line number="214" hits="1" branch="false" />
                <line number="215" hits="1" branch="false" />
                <line number="216" hits="1" branch="false" />
                <line number="217" hits="1" branch="false" />
                <line number="218" hits="1" branch="false" />
                <line number="219" hits="1" branch="false" />
                <line number="220" hits="1" branch="false" />
                <line number="221" hits="1" branch="false" />
                <line number="222" hits="1" branch="false" />
                <line number="223" hits="1" branch="false" />
                <line number="224" hits="1" branch="false" />
                <line number="225" hits="1" branch="false" />
                <line number="226" hits="1" branch="false" />
                <line number="227" hits="1" branch="false" />
                <line number="228" hits="1" branch="false" />
                <line number="229" hits="1" branch="false" />
                <line number="230" hits="1" branch="false" />
                <line number="231" hits="1" branch="false" />
                <line number="232" hits="1" branch="false" />
                <line number="233" hits="1" branch="false" />
                <line number="234" hits="1" branch="false" />
                <line number="235" hits="1" branch="false" />
                <line number="236" hits="1" branch="false" />
                <line number="237" hits="1" branch="false" />
                <line number="238" hits="1" branch="false" />
                <line number="239" hits="1" branch="false" />
                <line number="240" hits="1" branch="false" />
                <line number="241" hits="1" branch="false" />
                <line number="242" hits="1" branch="false" />
                <line number="243" hits="1" branch="false" />
                <line number="244" hits="1" branch="false" />
                <line number="245" hits="1" branch="false" />
                <line number="246" hits="1" branch="false" />
                <line number="247" hits="1" branch="false" />
                <line number="248" hits="1" branch="false" />
                <line number="249" hits="1" branch="false" />
                <line number="250" hits="1" branch="false" />
                <line number="251" hits="1" branch="false" />
                <line number="252" hits="1" branch="false" />
                <line number="253" hits="1" branch="false" />
                <line number="254" hits="1" branch="false" />
                <line number="255" hits="1" branch="false" />
                <line number="256" hits="1" branch="false" />
                <line number="257" hits="1" branch="false" />
                <line number="258" hits="1" branch="false" />
                <line number="259" hits="1" branch="false" />
                <line number="260" hits="1" branch="false" />
                <line number="261" hits="1" branch="false" />
                <line number="262" hits="1" branch="false" />
                <line number="263" hits="1" branch="false" />
                <line number="264" hits="1" branch="false" />
                <line number="265" hits="1" branch="false" />
                <line number="266" hits="1" branch="false" />
                <line number="267" hits="1" branch="false" />
                <line number="268" hits="1" branch="false" />
                <line number="269" hits="1" branch="false" />
                <line number="270" hits="1" branch="false" />
                <line number="271" hits="1" branch="false" />
                <line number="272" hits="1" branch="false" />
                <line number="273" hits="1" branch="false" />
                <line number="274" hits="1" branch="false" />
                <line number="275" hits="1" branch="false" />
                <line number="276" hits="1" branch="false" />
                <line number="277" hits="1" branch="false" />
                <line number="278" hits="1" branch="false" />
                <line number="279" hits="1" branch="false" />
                <line number="280" hits="1" branch="false" />
                <line number="281" hits="1" branch="false" />
                <line number="282" hits="1" branch="false" />
                <line number="283" hits="1" branch="false" />
                <line number="284" hits="1" branch="false" />
                <line number="285" hits="1" branch="false" />
                <line number="286" hits="1" branch="false" />
                <line number="287" hits="1" branch="false" />
                <line number="288" hits="1" branch="false" />
                <line number="289" hits="1" branch="false" />
                <line number="290" hits="1" branch="false" />
                <line number="291" hits="1" branch="false" />
                <line number="292" hits="1" branch="false" />
                <line number="293" hits="1" branch="false" />
                <line number="294" hits="1" branch="false" />
                <line number="295" hits="1" branch="false" />
                <line number="296" hits="1" branch="false" />
                <line number="297" hits="1" branch="false" />
                <line number="298" hits="1" branch="false" />
                <line number="299" hits="1" branch="false" />
                <line number="300" hits="1" branch="false" />
                <line number="301" hits="1" branch="false" />
                <line number="302" hits="1" branch="false" />
                <line number="303" hits="1" branch="false" />
                <line number="304" hits="1" branch="false" />
                <line number="305" hits="1" branch="false" />
                <line number="306" hits="1" branch="false" />
                <line number="307" hits="1" branch="false" />
                <line number="308" hits="1" branch="false" />
                <line number="309" hits="1" branch="false" />
                <line number="310" hits="1" branch="false" />
                <line number="311" hits="1" branch="false" />
                <line number="312" hits="1" branch="false" />
                <line number="313" hits="1" branch="false" />
                <line number="314" hits="1" branch="false" />
                <line number="315" hits="1" branch="false" />
                <line number="316" hits="1" branch="false" />
                <line number="317" hits="1" branch="false" />
                <line number="318" hits="1" branch="false" />
                <line number="319" hits="1" branch="false" />
                <line number="320" hits="1" branch="false" />
                <line number="321" hits="1" branch="false" />
                <line number="322" hits="1" branch="false" />
                <line number="323" hits="1" branch="false" />
                <line number="324" hits="1" branch="false" />
                <line number="325" hits="1" branch="false" />
                <line number="326" hits="1" branch="false" />
                <line number="327" hits="1" branch="false" />
                <line number="328" hits="1" branch="false" />
                <line number="329" hits="1" branch="false" />
                <line number="330" hits="1" branch="false" />
                <line number="331" hits="1" branch="false" />
                <line number="332" hits="1" branch="false" />
                <line number="333" hits="1" branch="false" />
                <line number="334" hits="1" branch="false" />
                <line number="335" hits="1" branch="false" />
                <line number="336" hits="1" branch="false" />
                <line number="337" hits="1" branch="false" />
                <line number="338" hits="1" branch="false" />
                <line number="339" hits="1" branch="false" />
                <line number="340" hits="1" branch="false" />
                <line number="341" hits="1" branch="false" />
                <line number="342" hits="1" branch="false" />
                <line number="343" hits="1" branch="false" />
                <line number="344" hits="1" branch="false" />
                <line number="345" hits="1" branch="false" />
                <line number="346" hits="1" branch="false" />
                <line number="347" hits="1" branch="false" />
                <line number="348" hits="1" branch="false" />
                <line number="349" hits="1" branch="false" />
                <line number="350" hits="1" branch="false" />
                <line number="351" hits="1" branch="false" />
                <line number="352" hits="1" branch="false" />
                <line number="353" hits="1" branch="false" />
                <line number="354" hits="1" branch="false" />
                <line number="355" hits="1" branch="false" />
                <line number="356" hits="1" branch="false" />
                <line number="357" hits="1" branch="false" />
                <line number="358" hits="1" branch="false" />
                <line number="359" hits="1" branch="false" />
                <line number="360" hits="1" branch="false" />
                <line number="361" hits="1" branch="false" />
                <line number="362" hits="1" branch="false" />
                <line number="363" hits="1" branch="false" />
                <line number="364" hits="1" branch="false" />
                <line number="365" hits="1" branch="false" />
                <line number="366" hits="1" branch="false" />
                <line number="367" hits="1" branch="false" />
                <line number="368" hits="1" branch="false" />
                <line number="369" hits="1" branch="false" />
                <line number="370" hits="1" branch="false" />
                <line number="371" hits="1" branch="false" />
                <line number="372" hits="1" branch="false" />
                <line number="373" hits="1" branch="false" />
                <line number="374" hits="1" branch="false" />
                <line number="375" hits="1" branch="false" />
                <line number="376" hits="1" branch="false" />
                <line number="377" hits="1" branch="false" />
                <line number="378" hits="1" branch="false" />
                <line number="379" hits="1" branch="false" />
                <line number="380" hits="1" branch="false" />
                <line number="381" hits="1" branch="false" />
                <line number="382" hits="1" branch="false" />
                <line number="383" hits="1" branch="false" />
                <line number="384" hits="1" branch="false" />
                <line number="385" hits="1" branch="false" />
                <line number="386" hits="1" branch="false" />
                <line number="387" hits="1" branch="false" />
              </lines>
            </method>
          </methods>
          <lines>
            <line number="21" hits="1" branch="false" />
            <line number="22" hits="1" branch="false" />
            <line number="23" hits="1" branch="false" />
            <line number="24" hits="1" branch="false" />
            <line number="25" hits="1" branch="false" />
            <line number="26" hits="1" branch="false" />
            <line number="27" hits="1" branch="false" />
            <line number="28" hits="1" branch="false" />
            <line number="29" hits="1" branch="false" />
            <line number="30" hits="1" branch="false" />
            <line number="31" hits="1" branch="false" />
            <line number="32" hits="1" branch="false" />
            <line number="33" hits="1" branch="false" />
            <line number="34" hits="1" branch="false" />
            <line number="35" hits="1" branch="false" />
            <line number="36" hits="1" branch="false" />
            <line number="37" hits="1" branch="false" />
            <line number="38" hits="1" branch="false" />
            <line number="39" hits="1" branch="false" />
            <line number="40" hits="1" branch="false" />
            <line number="41" hits="1" branch="false" />
            <line number="42" hits="1" branch="false" />
            <line number="43" hits="1" branch="false" />
            <line number="44" hits="1" branch="false" />
            <line number="45" hits="1" branch="false" />
            <line number="46" hits="1" branch="false" />
            <line number="47" hits="1" branch="false" />
            <line number="48" hits="1" branch="false" />
            <line number="49" hits="1" branch="false" />
            <line number="50" hits="1" branch="false" />
            <line number="51" hits="1" branch="false" />
            <line number="52" hits="1" branch="false" />
            <line number="53" hits="1" branch="false" />
            <line number="54" hits="1" branch="false" />
            <line number="55" hits="1" branch="false" />
            <line number="56" hits="1" branch="false" />
            <line number="57" hits="1" branch="false" />
            <line number="58" hits="1" branch="false" />
            <line number="59" hits="1" branch="false" />
            <line number="60" hits="1" branch="false" />
            <line number="61" hits="1" branch="false" />
            <line number="62" hits="1" branch="false" />
            <line number="63" hits="1" branch="false" />
            <line number="64" hits="1" branch="false" />
            <line number="65" hits="1" branch="false" />
            <line number="66" hits="1" branch="false" />
            <line number="67" hits="1" branch="false" />
            <line number="68" hits="1" branch="false" />
            <line number="69" hits="1" branch="false" />
            <line number="70" hits="1" branch="false" />
            <line number="71" hits="1" branch="false" />
            <line number="72" hits="1" branch="false" />
            <line number="73" hits="1" branch="false" />
            <line number="74" hits="1" branch="false" />
            <line number="75" hits="1" branch="false" />
            <line number="76" hits="1" branch="false" />
            <line number="77" hits="1" branch="false" />
            <line number="78" hits="1" branch="false" />
            <line number="79" hits="1" branch="false" />
            <line number="80" hits="1" branch="false" />
            <line number="81" hits="1" branch="false" />
            <line number="82" hits="1" branch="false" />
            <line number="83" hits="1" branch="false" />
            <line number="84" hits="1" branch="false" />
            <line number="85" hits="1" branch="false" />
            <line number="86" hits="1" branch="false" />
            <line number="87" hits="1" branch="false" />
            <line number="88" hits="1" branch="false" />
            <line number="89" hits="1" branch="false" />
            <line number="90" hits="1" branch="false" />
            <line number="91" hits="1" branch="false" />
            <line number="92" hits="1" branch="false" />
            <line number="93" hits="1" branch="false" />
            <line number="94" hits="1" branch="false" />
            <line number="95" hits="1" branch="false" />
            <line number="96" hits="1" branch="false" />
            <line number="97" hits="1" branch="false" />
            <line number="98" hits="1" branch="false" />
            <line number="99" hits="1" branch="false" />
            <line number="100" hits="1" branch="false" />
            <line number="101" hits="1" branch="false" />
            <line number="102" hits="1" branch="false" />
            <line number="103" hits="1" branch="false" />
            <line number="105" hits="1" branch="false" />
            <line number="106" hits="1" branch="false" />
            <line number="107" hits="1" branch="false" />
            <line number="108" hits="1" branch="false" />
            <line number="109" hits="1" branch="false" />
            <line number="110" hits="1" branch="false" />
            <line number="111" hits="1" branch="false" />
            <line number="112" hits="1" branch="false" />
            <line number="113" hits="1" branch="false" />
            <line number="114" hits="1" branch="false" />
            <line number="115" hits="1" branch="false" />
            <line number="116" hits="1" branch="false" />
            <line number="117" hits="1" branch="false" />
            <line number="118" hits="1" branch="false" />
            <line number="119" hits="1" branch="false" />
            <line number="120" hits="1" branch="false" />
            <line number="121" hits="1" branch="false" />
            <line number="122" hits="1" branch="false" />
            <line number="123" hits="1" branch="false" />
            <line number="124" hits="1" branch="false" />
            <line number="125" hits="1" branch="false" />
            <line number="126" hits="1" branch="false" />
            <line number="127" hits="1" branch="false" />
            <line number="128" hits="1" branch="false" />
            <line number="129" hits="1" branch="false" />
            <line number="130" hits="1" branch="false" />
            <line number="131" hits="1" branch="false" />
            <line number="132" hits="1" branch="false" />
            <line number="133" hits="1" branch="false" />
            <line number="134" hits="1" branch="false" />
            <line number="135" hits="1" branch="false" />
            <line number="136" hits="1" branch="false" />
            <line number="137" hits="1" branch="false" />
            <line number="138" hits="1" branch="false" />
            <line number="139" hits="1" branch="false" />
            <line number="140" hits="1" branch="false" />
[...]
            <line number="103" hits="0" branch="true" condition-coverage="0% (0/2)" />
            <line number="104" hits="0" branch="false" />
            <line number="105" hits="0" branch="true" condition-coverage="0% (0/2)" />
            <line number="106" hits="0" branch="true" condition-coverage="0% (0/2)" />
            <line number="107" hits="0" branch="false" />
            <line number="108" hits="0" branch="true" condition-coverage="0% (0/2)" />
            <line number="109" hits="0" branch="true" condition-coverage="0% (0/2)" />
            <line number="110" hits="0" branch="false" />
            <line number="111" hits="0" branch="false" />
            <line number="112" hits="0" branch="false" />
          </lines>
        </class>
        <class name="NQueen.Kernel.Solvers.ParallelSplitDepthHeuristic" filename="D:\Repos\Code\NQueen\NQueen.Kernel\Solvers\ParallelSplitDepthHeuristic.cs" line-rate="0" branch-rate="0" complexity="33">
          <methods>
            <method name="GetOptimalSplitDepth" signature="(System.Int32,System.Nullable`1&lt;System.Int32&gt;)" line-rate="0" branch-rate="0" complexity="16">
              <lines>
                <line number="14" hits="0" branch="false" />
                <line number="16" hits="0" branch="true" condition-coverage="0% (0/2)" />
                <line number="17" hits="0" branch="false" />
                <line number="18" hits="0" branch="true" condition-coverage="0% (0/2)" />
                <line number="19" hits="0" branch="false" />
                <line number="23" hits="0" branch="false" />
                <line number="24" hits="0" branch="false" />
                <line number="25" hits="0" branch="false" />
                <line number="29" hits="0" branch="true" condition-coverage="0% (0/2)" />
                <line number="30" hits="0" branch="false" />
                <line number="32" hits="0" branch="false" />
                <line number="33" hits="0" branch="true" condition-coverage="0% (0/4)" />
                <line number="34" hits="0" branch="false" />
                <line number="35" hits="0" branch="true" condition-coverage="0% (0/2)" />
                <line number="36" hits="0" branch="false" />
                <line number="40" hits="0" branch="false" />
                <line number="41" hits="0" branch="true" condition-coverage="0% (0/4)" />
                <line number="42" hits="0" branch="false" />
                <line number="46" hits="0" branch="false" />
                <line number="47" hits="0" branch="false" />
              </lines>
            </method>
            <method name="ShouldUseParallelForAll" signature="(System.Int32,System.Nullable`1&lt;System.Int32&gt;)" line-rate="0" branch-rate="0" complexity="2">
              <lines>
                <line number="54" hits="0" branch="true" condition-coverage="0% (0/2)" />
              </lines>
            </method>
            <method name="GetSplitPlan" signature="(System.Int32,System.Nullable`1&lt;System.Int32&gt;)" line-rate="0" branch-rate="0" complexity="2">
              <lines>
                <line number="61" hits="0" branch="false" />
                <line number="62" hits="0" branch="false" />
                <line number="63" hits="0" branch="false" />
                <line number="65" hits="0" branch="true" condition-coverage="0% (0/2)" />
                <line number="66" hits="0" branch="false" />
                <line number="67" hits="0" branch="false" />
                <line number="68" hits="0" branch="false" />
              </lines>
            </method>
            <method name="EstimatePermutationCountSaturated" signature="(System.Int32,System.Int32)" line-rate="0" branch-rate="0" complexity="8">
              <lines>
                <line number="75" hits="0" branch="false" />
                <line number="76" hits="0" branch="true" condition-coverage="0% (0/4)" />
                <line number="77" hits="0" branch="false" />
                <line number="78" hits="0" branch="true" condition-coverage="0% (0/2)" />
                <line number="79" hits="0" branch="false" />
                <line number="80" hits="0" branch="false" />
                <line number="81" hits="0" branch="true" condition-coverage="0% (0/2)" />
                <line number="82" hits="0" branch="false" />
                <line number="83" hits="0" branch="false" />
                <line number="84" hits="0" branch="false" />
              </lines>
            </method>
            <method name="GetCoreCount" signature="(System.Nullable`1&lt;System.Int32&gt;)" line-rate="0" branch-rate="0" complexity="4">
              <lines>
                <line number="88" hits="0" branch="true" condition-coverage="0% (0/4)" />
                <line number="89" hits="0" branch="false" />
                <line number="90" hits="0" branch="false" />
              </lines>
            </method>
            <method name="get_SplitDepth" signature="()" line-rate="0" branch-rate="1" complexity="1">
              <lines>
                <line number="92" hits="0" branch="false" />
              </lines>
            </method>
          </methods>
          <lines>
            <line number="14" hits="0" branch="false" />
            <line number="16" hits="0" branch="true" condition-coverage="0% (0/2)" />
            <line number="17" hits="0" branch="false" />
            <line number="18" hits="0" branch="true" condition-coverage="0% (0/2)" />
            <line number="19" hits="0" branch="false" />
            <line number="23" hits="0" branch="false" />
            <line number="24" hits="0" branch="false" />
            <line number="25" hits="0" branch="false" />
            <line number="29" hits="0" branch="true" condition-coverage="0% (0/2)" />
            <line number="30" hits="0" branch="false" />
            <line number="32" hits="0" branch="false" />
            <line number="33" hits="0" branch="true" condition-coverage="0% (0/4)" />
            <line number="34" hits="0" branch="false" />
            <line number="35" hits="0" branch="true" condition-coverage="0% (0/2)" />
            <line number="36" hits="0" branch="false" />
            <line number="40" hits="0" branch="false" />
            <line number="41" hits="0" branch="true" condition-coverage="0% (0/4)" />
            <line number="42" hits="0" branch="false" />
            <line number="46" hits="0" branch="false" />
            <line number="47" hits="0" branch="false" />
            <line number="54" hits="0" branch="true" condition-coverage="0% (0/2)" />
            <line number="61" hits="0" branch="false" />
            <line number="62" hits="0" branch="false" />
            <line number="63" hits="0" branch="false" />
            <line number="65" hits="0" branch="true" condition-coverage="0% (0/2)" />
            <line number="66" hits="0" branch="false" />
            <line number="67" hits="0" branch="false" />
            <line number="68" hits="0" branch="false" />
            <line number="75" hits="0" branch="false" />
            <line number="76" hits="0" branch="true" condition-coverage="0% (0/4)" />
            <line number="77" hits="0" branch="false" />
            <line number="78" hits="0" branch="true" condition-coverage="0% (0/2)" />
            <line number="79" hits="0" branch="false" />
            <line number="80" hits="0" branch="false" />
            <line number="81" hits="0" branch="true" condition-coverage="0% (0/2)" />
            <line number="82" hits="0" branch="false" />
            <line number="83" hits="0" branch="false" />
            <line number="84" hits="0" branch="false" />
            <line number="88" hits="0" branch="true" condition-coverage="0% (0/4)" />
            <line number="89" hits="0" branch="false" />
            <line number="90" hits="0" branch="false" />
            <line number="92" hits="0" branch="false" />
          </lines>
        </class>
      </classes>
    </package>
    <package name="NQueen.Shared" line-rate="0.6944444444444444" branch-rate="0.42857142857142855" complexity="19">
      <classes>
        <class name="NQueen.Shared.Utils.NumericUtils" filename="D:\Repos\Code\NQueen\NQueen.Shared\Utils\NumericUtility.cs" line-rate="0.4166666666666667" branch-rate="0" complexity="8">
          <methods>
            <method name="UpdateMemoryUsage" signature="()" line-rate="1" branch-rate="1" complexity="1">
              <lines>
                <line number="6" hits="20" branch="false" />
                <line number="7" hits="20" branch="false" />
                <line number="8" hits="20" branch="false" />
                <line number="9" hits="20" branch="false" />
                <line number="11" hits="20" branch="false" />
                <line number="12" hits="20" branch="false" />
              </lines>
            </method>
            <method name="IncFormattedNumber" signature="(System.String)" line-rate="0" branch-rate="0" complexity="2">
              <lines>
                <line number="15" hits="0" branch="false" />
                <line number="16" hits="0" branch="true" condition-coverage="0% (0/2)" />
                <line number="17" hits="0" branch="false" />
                <line number="18" hits="0" branch="false" />
                <line number="20" hits="0" branch="false" />
                <line number="21" hits="0" branch="false" />
                <line number="22" hits="0" branch="false" />
              </lines>
            </method>
            <method name="ParseFormattedNumber" signature="(System.String)" line-rate="0" branch-rate="0" complexity="2">
              <lines>
                <line number="25" hits="0" branch="false" />
                <line number="26" hits="0" branch="true" condition-coverage="0% (0/2)" />
                <line number="27" hits="0" branch="false" />
                <line number="30" hits="0" branch="false" />
                <line number="32" hits="0" branch="false" />
                <line number="33" hits="0" branch="false" />
              </lines>
            </method>
            <method name="FormatWithSpaceSeparator" signature="(System.Int64)" line-rate="0" branch-rate="1" complexity="1">
              <lines>
                <line number="36" hits="0" branch="false" />
                <line number="37" hits="0" branch="false" />
                <line number="38" hits="0" branch="false" />
                <line number="39" hits="0" branch="false" />
                <line number="40" hits="0" branch="false" />
                <line number="41" hits="0" branch="false" />
                <line number="43" hits="0" branch="false" />
                <line number="44" hits="0" branch="false" />
              </lines>
            </method>
            <method name="FormatWithSpaceSeparator" signature="(System.Double,System.Int32)" line-rate="1" branch-rate="1" complexity="1">
              <lines>
                <line number="47" hits="20" branch="false" />
                <line number="48" hits="20" branch="false" />
                <line number="49" hits="20" branch="false" />
                <line number="50" hits="20" branch="false" />
                <line number="51" hits="20" branch="false" />
                <line number="52" hits="20" branch="false" />
                <line number="54" hits="20" branch="false" />
                <line number="55" hits="20" branch="false" />
              </lines>
            </method>
            <method name="RoundToNearestTen" signature="(System.Double)" line-rate="1" branch-rate="1" complexity="1">
              <lines>
                <line number="58" hits="20" branch="false" />
              </lines>
            </method>
          </methods>
          <lines>
            <line number="6" hits="20" branch="false" />
            <line number="7" hits="20" branch="false" />
            <line number="8" hits="20" branch="false" />
            <line number="9" hits="20" branch="false" />
            <line number="11" hits="20" branch="false" />
            <line number="12" hits="20" branch="false" />
            <line number="15" hits="0" branch="false" />
            <line number="16" hits="0" branch="true" condition-coverage="0% (0/2)" />
            <line number="17" hits="0" branch="false" />
            <line number="18" hits="0" branch="false" />
            <line number="20" hits="0" branch="false" />
            <line number="21" hits="0" branch="false" />
            <line number="22" hits="0" branch="false" />
            <line number="25" hits="0" branch="false" />
            <line number="26" hits="0" branch="true" condition-coverage="0% (0/2)" />
            <line number="27" hits="0" branch="false" />
            <line number="30" hits="0" branch="false" />
            <line number="32" hits="0" branch="false" />
            <line number="33" hits="0" branch="false" />
            <line number="36" hits="0" branch="false" />
            <line number="37" hits="0" branch="false" />
            <line number="38" hits="0" branch="false" />
            <line number="39" hits="0" branch="false" />
            <line number="40" hits="0" branch="false" />
            <line number="41" hits="0" branch="false" />
            <line number="43" hits="0" branch="false" />
            <line number="44" hits="0" branch="false" />
            <line number="47" hits="20" branch="false" />
            <line number="48" hits="20" branch="false" />
            <line number="49" hits="20" branch="false" />
            <line number="50" hits="20" branch="false" />
            <line number="51" hits="20" branch="false" />
            <line number="52" hits="20" branch="false" />
            <line number="54" hits="20" branch="false" />
            <line number="55" hits="20" branch="false" />
            <line number="58" hits="20" branch="false" />
          </lines>
        </class>
        <class name="NQueen.Shared.Utils.ParsingUtils" filename="D:\Repos\Code\NQueen\NQueen.Shared\Utils\ParsingUtils.cs" line-rate="1" branch-rate="0.5" complexity="3">
          <methods>
            <method name="TryParseInt" signature="(System.String,System.Int32&amp;)" line-rate="1" branch-rate="1" complexity="1">
              <lines>
                <line number="6" hits="9358" branch="false" />
              </lines>
            </method>
            <method name="ParseIntOrThrow" signature="(System.String)" line-rate="1" branch-rate="0.5" complexity="2">
              <lines>
                <line number="9" hits="236" branch="true" condition-coverage="50% (1/2)" />
                <line number="10" hits="236" branch="false" />
                <line number="11" hits="236" branch="false" />
              </lines>
            </method>
          </methods>
          <lines>
            <line number="6" hits="9358" branch="false" />
            <line number="9" hits="236" branch="true" condition-coverage="50% (1/2)" />
            <line number="10" hits="236" branch="false" />
            <line number="11" hits="236" branch="false" />
          </lines>
        </class>
        <class name="NQueen.Shared.Validation.BoardSizeValidator" filename="D:\Repos\Code\NQueen\NQueen.Shared\Validation\BoardSizeValidator.cs" line-rate="0.96875" branch-rate="0.625" complexity="8">
          <methods>
            <method name="GetMaxSizeAndErrorMsg" signature="(NQueen.Domain.Enums.SolutionMode)" line-rate="0.9090909090909091" branch-rate="0.75" complexity="4">
              <lines>
                <line number="34" hits="286" branch="true" condition-coverage="75% (3/4)" />
                <line number="35" hits="286" branch="false" />
                <line number="36" hits="48" branch="false" />
                <line number="37" hits="48" branch="false" />
                <line number="38" hits="286" branch="false" />
                <line number="39" hits="218" branch="false" />
                <line number="40" hits="218" branch="false" />
                <line number="41" hits="286" branch="false" />
                <line number="42" hits="20" branch="false" />
                <line number="43" hits="0" branch="false" />
                <line number="44" hits="286" branch="false" />
              </lines>
            </method>
            <method name=".ctor" signature="(NQueen.Domain.Enums.SolutionMode)" line-rate="1" branch-rate="0.5" complexity="4">
              <lines>
                <line number="5" hits="286" branch="false" />
                <line number="6" hits="286" branch="false" />
                <line number="7" hits="286" branch="false" />
                <line number="10" hits="286" branch="false" />
                <line number="12" hits="286" branch="false" />
                <line number="13" hits="286" branch="false" />
                <line number="14" hits="286" branch="false" />
                <line number="15" hits="286" branch="false" />
                <line number="16" hits="286" branch="false" />
                <line number="17" hits="963" branch="false" />
                <line number="18" hits="286" branch="false" />
                <line number="19" hits="286" branch="false" />
                <line number="22" hits="286" branch="false" />
                <line number="23" hits="286" branch="false" />
                <line number="24" hits="951" branch="true" condition-coverage="50% (1/2)" />
                <line number="25" hits="286" branch="false" />
                <line number="26" hits="286" branch="false" />
                <line number="27" hits="943" branch="true" condition-coverage="50% (1/2)" />
                <line number="28" hits="286" branch="false" />
                <line number="29" hits="286" branch="false" />
                <line number="30" hits="286" branch="false" />
              </lines>
            </method>
          </methods>
          <lines>
            <line number="5" hits="286" branch="false" />
            <line number="6" hits="286" branch="false" />
            <line number="7" hits="286" branch="false" />
            <line number="10" hits="286" branch="false" />
            <line number="12" hits="286" branch="false" />
            <line number="13" hits="286" branch="false" />
            <line number="14" hits="286" branch="false" />
            <line number="15" hits="286" branch="false" />
            <line number="16" hits="286" branch="false" />
            <line number="17" hits="963" branch="false" />
            <line number="18" hits="286" branch="false" />
            <line number="19" hits="286" branch="false" />
            <line number="22" hits="286" branch="false" />
            <line number="23" hits="286" branch="false" />
            <line number="24" hits="951" branch="true" condition-coverage="50% (1/2)" />
            <line number="25" hits="286" branch="false" />
            <line number="26" hits="286" branch="false" />
            <line number="27" hits="943" branch="true" condition-coverage="50% (1/2)" />
            <line number="28" hits="286" branch="false" />
            <line number="29" hits="286" branch="false" />
            <line number="30" hits="286" branch="false" />
            <line number="34" hits="286" branch="true" condition-coverage="75% (3/4)" />
            <line number="35" hits="286" branch="false" />
            <line number="36" hits="48" branch="false" />
            <line number="37" hits="48" branch="false" />
            <line number="38" hits="286" branch="false" />
            <line number="39" hits="218" branch="false" />
            <line number="40" hits="218" branch="false" />
            <line number="41" hits="286" branch="false" />
            <line number="42" hits="20" branch="false" />
            <line number="43" hits="0" branch="false" />
            <line number="44" hits="286" branch="false" />
          </lines>
        </class>
      </classes>
    </package>
  </packages>
</coverage>